[DEBUG] 2023-06-09 20:20:39.705 [main] InternalLoggerFactory - Using Log4J2 as the default logging framework
[DEBUG] 2023-06-09 20:20:39.729 [main] ResourceLeakDetector - -Dio.netty.leakDetection.level: simple
[DEBUG] 2023-06-09 20:20:39.730 [main] ResourceLeakDetector - -Dio.netty.leakDetection.targetRecords: 4
[DEBUG] 2023-06-09 20:20:39.735 [main] ResourceLeakDetectorFactory - Loaded default ResourceLeakDetector: io.netty.util.ResourceLeakDetector@1623134f
[DEBUG] 2023-06-09 20:20:39.760 [main] PlatformDependent0 - -Dio.netty.noUnsafe: false
[DEBUG] 2023-06-09 20:20:39.760 [main] PlatformDependent0 - Java version: 17
[DEBUG] 2023-06-09 20:20:39.763 [main] PlatformDependent0 - sun.misc.Unsafe.theUnsafe: available
[DEBUG] 2023-06-09 20:20:39.765 [main] PlatformDependent0 - sun.misc.Unsafe.copyMemory: available
[DEBUG] 2023-06-09 20:20:39.766 [main] PlatformDependent0 - sun.misc.Unsafe.storeFence: available
[DEBUG] 2023-06-09 20:20:39.767 [main] PlatformDependent0 - java.nio.Buffer.address: available
[DEBUG] 2023-06-09 20:20:39.768 [main] PlatformDependent0 - direct buffer constructor: unavailable
java.lang.UnsupportedOperationException: Reflective setAccessible(true) disabled
	at io.netty.util.internal.ReflectionUtil.trySetAccessible(ReflectionUtil.java:31) ~[netty-common-4.1.91.Final.jar:4.1.91.Final]
	at io.netty.util.internal.PlatformDependent0$5.run(PlatformDependent0.java:288) ~[netty-common-4.1.91.Final.jar:4.1.91.Final]
	at java.security.AccessController.doPrivileged(AccessController.java:318) ~[?:?]
	at io.netty.util.internal.PlatformDependent0.<clinit>(PlatformDependent0.java:282) [netty-common-4.1.91.Final.jar:4.1.91.Final]
	at io.netty.util.internal.PlatformDependent.isAndroid(PlatformDependent.java:333) [netty-common-4.1.91.Final.jar:4.1.91.Final]
	at io.netty.util.internal.PlatformDependent.<clinit>(PlatformDependent.java:88) [netty-common-4.1.91.Final.jar:4.1.91.Final]
	at io.netty.util.HashedWheelTimer.<init>(HashedWheelTimer.java:114) [netty-common-4.1.91.Final.jar:4.1.91.Final]
	at io.netty.util.HashedWheelTimer.<init>(HashedWheelTimer.java:251) [netty-common-4.1.91.Final.jar:4.1.91.Final]
	at io.netty.util.HashedWheelTimer.<init>(HashedWheelTimer.java:224) [netty-common-4.1.91.Final.jar:4.1.91.Final]
	at io.netty.util.HashedWheelTimer.<init>(HashedWheelTimer.java:203) [netty-common-4.1.91.Final.jar:4.1.91.Final]
	at org.asynchttpclient.DefaultAsyncHttpClient.newNettyTimer(DefaultAsyncHttpClient.java:111) [async-http-client-2.12.3.jar:?]
	at org.asynchttpclient.DefaultAsyncHttpClient.<init>(DefaultAsyncHttpClient.java:90) [async-http-client-2.12.3.jar:?]
	at org.asynchttpclient.Dsl.asyncHttpClient(Dsl.java:32) [async-http-client-2.12.3.jar:?]
	at org.openqa.selenium.remote.http.netty.NettyClient.createHttpClient(NettyClient.java:94) [selenium-remote-driver-4.9.0.jar:?]
	at org.openqa.selenium.remote.http.netty.NettyClient.<clinit>(NettyClient.java:47) [selenium-remote-driver-4.9.0.jar:?]
	at org.openqa.selenium.remote.http.netty.NettyClient$Factory.createClient(NettyClient.java:135) [selenium-remote-driver-4.9.0.jar:?]
	at org.openqa.selenium.remote.tracing.TracedHttpClient$Factory.createClient(TracedHttpClient.java:77) [selenium-remote-driver-4.9.0.jar:?]
	at org.openqa.selenium.remote.HttpCommandExecutor.<init>(HttpCommandExecutor.java:116) [selenium-remote-driver-4.9.0.jar:?]
	at org.openqa.selenium.remote.RemoteWebDriver.createExecutor(RemoteWebDriver.java:184) [selenium-remote-driver-4.9.0.jar:?]
	at org.openqa.selenium.remote.RemoteWebDriver.<init>(RemoteWebDriver.java:139) [selenium-remote-driver-4.9.0.jar:?]
	at Demo.SauceLabsDemo.main(SauceLabsDemo.java:40) [test-classes/:?]
[DEBUG] 2023-06-09 20:20:39.783 [main] PlatformDependent0 - java.nio.Bits.unaligned: available, true
[DEBUG] 2023-06-09 20:20:39.784 [main] PlatformDependent0 - jdk.internal.misc.Unsafe.allocateUninitializedArray(int): unavailable
java.lang.IllegalAccessException: class io.netty.util.internal.PlatformDependent0$7 cannot access class jdk.internal.misc.Unsafe (in module java.base) because module java.base does not export jdk.internal.misc to unnamed module @5c6648b0
	at jdk.internal.reflect.Reflection.newIllegalAccessException(Reflection.java:392) ~[?:?]
	at java.lang.reflect.AccessibleObject.checkAccess(AccessibleObject.java:674) ~[?:?]
	at java.lang.reflect.Method.invoke(Method.java:560) ~[?:?]
	at io.netty.util.internal.PlatformDependent0$7.run(PlatformDependent0.java:410) ~[netty-common-4.1.91.Final.jar:4.1.91.Final]
	at java.security.AccessController.doPrivileged(AccessController.java:318) ~[?:?]
	at io.netty.util.internal.PlatformDependent0.<clinit>(PlatformDependent0.java:401) [netty-common-4.1.91.Final.jar:4.1.91.Final]
	at io.netty.util.internal.PlatformDependent.isAndroid(PlatformDependent.java:333) [netty-common-4.1.91.Final.jar:4.1.91.Final]
	at io.netty.util.internal.PlatformDependent.<clinit>(PlatformDependent.java:88) [netty-common-4.1.91.Final.jar:4.1.91.Final]
	at io.netty.util.HashedWheelTimer.<init>(HashedWheelTimer.java:114) [netty-common-4.1.91.Final.jar:4.1.91.Final]
	at io.netty.util.HashedWheelTimer.<init>(HashedWheelTimer.java:251) [netty-common-4.1.91.Final.jar:4.1.91.Final]
	at io.netty.util.HashedWheelTimer.<init>(HashedWheelTimer.java:224) [netty-common-4.1.91.Final.jar:4.1.91.Final]
	at io.netty.util.HashedWheelTimer.<init>(HashedWheelTimer.java:203) [netty-common-4.1.91.Final.jar:4.1.91.Final]
	at org.asynchttpclient.DefaultAsyncHttpClient.newNettyTimer(DefaultAsyncHttpClient.java:111) [async-http-client-2.12.3.jar:?]
	at org.asynchttpclient.DefaultAsyncHttpClient.<init>(DefaultAsyncHttpClient.java:90) [async-http-client-2.12.3.jar:?]
	at org.asynchttpclient.Dsl.asyncHttpClient(Dsl.java:32) [async-http-client-2.12.3.jar:?]
	at org.openqa.selenium.remote.http.netty.NettyClient.createHttpClient(NettyClient.java:94) [selenium-remote-driver-4.9.0.jar:?]
	at org.openqa.selenium.remote.http.netty.NettyClient.<clinit>(NettyClient.java:47) [selenium-remote-driver-4.9.0.jar:?]
	at org.openqa.selenium.remote.http.netty.NettyClient$Factory.createClient(NettyClient.java:135) [selenium-remote-driver-4.9.0.jar:?]
	at org.openqa.selenium.remote.tracing.TracedHttpClient$Factory.createClient(TracedHttpClient.java:77) [selenium-remote-driver-4.9.0.jar:?]
	at org.openqa.selenium.remote.HttpCommandExecutor.<init>(HttpCommandExecutor.java:116) [selenium-remote-driver-4.9.0.jar:?]
	at org.openqa.selenium.remote.RemoteWebDriver.createExecutor(RemoteWebDriver.java:184) [selenium-remote-driver-4.9.0.jar:?]
	at org.openqa.selenium.remote.RemoteWebDriver.<init>(RemoteWebDriver.java:139) [selenium-remote-driver-4.9.0.jar:?]
	at Demo.SauceLabsDemo.main(SauceLabsDemo.java:40) [test-classes/:?]
[DEBUG] 2023-06-09 20:20:39.786 [main] PlatformDependent0 - java.nio.DirectByteBuffer.<init>(long, int): unavailable
[DEBUG] 2023-06-09 20:20:39.786 [main] PlatformDependent - sun.misc.Unsafe: available
[DEBUG] 2023-06-09 20:20:39.786 [main] PlatformDependent - maxDirectMemory: 2109734912 bytes (maybe)
[DEBUG] 2023-06-09 20:20:39.787 [main] PlatformDependent - -Dio.netty.tmpdir: C:\Users\USAMAB~1\AppData\Local\Temp (java.io.tmpdir)
[DEBUG] 2023-06-09 20:20:39.787 [main] PlatformDependent - -Dio.netty.bitMode: 64 (sun.arch.data.model)
[DEBUG] 2023-06-09 20:20:39.788 [main] PlatformDependent - Platform: Windows
[DEBUG] 2023-06-09 20:20:39.789 [main] PlatformDependent - -Dio.netty.maxDirectMemory: -1 bytes
[DEBUG] 2023-06-09 20:20:39.789 [main] PlatformDependent - -Dio.netty.uninitializedArrayAllocationThreshold: -1
[DEBUG] 2023-06-09 20:20:39.790 [main] CleanerJava9 - java.nio.ByteBuffer.cleaner(): available
[DEBUG] 2023-06-09 20:20:39.790 [main] PlatformDependent - -Dio.netty.noPreferDirect: false
[DEBUG] 2023-06-09 20:20:39.798 [main] PlatformDependent - org.jctools-core.MpscChunkedArrayQueue: available
[DEBUG] 2023-06-09 20:20:39.824 [main] InternalThreadLocalMap - -Dio.netty.threadLocalMap.stringBuilder.initialSize: 1024
[DEBUG] 2023-06-09 20:20:39.824 [main] InternalThreadLocalMap - -Dio.netty.threadLocalMap.stringBuilder.maxSize: 4096
[DEBUG] 2023-06-09 20:20:40.214 [main] JdkSslContext - Default protocols (JDK): [TLSv1.3, TLSv1.2] 
[DEBUG] 2023-06-09 20:20:40.215 [main] JdkSslContext - Default cipher suites (JDK): [TLS_ECDHE_ECDSA_WITH_AES_256_GCM_SHA384, TLS_ECDHE_ECDSA_WITH_AES_128_GCM_SHA256, TLS_ECDHE_RSA_WITH_AES_128_GCM_SHA256, TLS_ECDHE_RSA_WITH_AES_256_GCM_SHA384, TLS_ECDHE_RSA_WITH_AES_128_CBC_SHA, TLS_ECDHE_RSA_WITH_AES_256_CBC_SHA, TLS_RSA_WITH_AES_128_GCM_SHA256, TLS_RSA_WITH_AES_128_CBC_SHA, TLS_RSA_WITH_AES_256_CBC_SHA, TLS_AES_128_GCM_SHA256, TLS_AES_256_GCM_SHA384]
[DEBUG] 2023-06-09 20:20:40.229 [main] GlobalEventExecutor - -Dio.netty.globalEventExecutor.quietPeriodSeconds: 1
[DEBUG] 2023-06-09 20:20:40.247 [main] MultithreadEventLoopGroup - -Dio.netty.eventLoopThreads: 16
[DEBUG] 2023-06-09 20:20:40.259 [main] NioEventLoop - -Dio.netty.noKeySetOptimization: false
[DEBUG] 2023-06-09 20:20:40.259 [main] NioEventLoop - -Dio.netty.selectorAutoRebuildThreshold: 512
[TRACE] 2023-06-09 20:20:40.275 [main] NioEventLoop - instrumented a special java.util.Set into: sun.nio.ch.WEPollSelectorImpl@535b8c24
[TRACE] 2023-06-09 20:20:40.277 [main] NioEventLoop - instrumented a special java.util.Set into: sun.nio.ch.WEPollSelectorImpl@6759f091
[TRACE] 2023-06-09 20:20:40.278 [main] NioEventLoop - instrumented a special java.util.Set into: sun.nio.ch.WEPollSelectorImpl@33a053d
[TRACE] 2023-06-09 20:20:40.279 [main] NioEventLoop - instrumented a special java.util.Set into: sun.nio.ch.WEPollSelectorImpl@14a54ef6
[TRACE] 2023-06-09 20:20:40.281 [main] NioEventLoop - instrumented a special java.util.Set into: sun.nio.ch.WEPollSelectorImpl@20921b9b
[TRACE] 2023-06-09 20:20:40.282 [main] NioEventLoop - instrumented a special java.util.Set into: sun.nio.ch.WEPollSelectorImpl@867ba60
[TRACE] 2023-06-09 20:20:40.283 [main] NioEventLoop - instrumented a special java.util.Set into: sun.nio.ch.WEPollSelectorImpl@5ba745bc
[TRACE] 2023-06-09 20:20:40.284 [main] NioEventLoop - instrumented a special java.util.Set into: sun.nio.ch.WEPollSelectorImpl@654b72c0
[TRACE] 2023-06-09 20:20:40.285 [main] NioEventLoop - instrumented a special java.util.Set into: sun.nio.ch.WEPollSelectorImpl@55b5e331
[TRACE] 2023-06-09 20:20:40.286 [main] NioEventLoop - instrumented a special java.util.Set into: sun.nio.ch.WEPollSelectorImpl@6034e75d
[TRACE] 2023-06-09 20:20:40.288 [main] NioEventLoop - instrumented a special java.util.Set into: sun.nio.ch.WEPollSelectorImpl@15fc442
[TRACE] 2023-06-09 20:20:40.289 [main] NioEventLoop - instrumented a special java.util.Set into: sun.nio.ch.WEPollSelectorImpl@3f3c7bdb
[TRACE] 2023-06-09 20:20:40.290 [main] NioEventLoop - instrumented a special java.util.Set into: sun.nio.ch.WEPollSelectorImpl@456abb66
[TRACE] 2023-06-09 20:20:40.291 [main] NioEventLoop - instrumented a special java.util.Set into: sun.nio.ch.WEPollSelectorImpl@2a3a299
[TRACE] 2023-06-09 20:20:40.292 [main] NioEventLoop - instrumented a special java.util.Set into: sun.nio.ch.WEPollSelectorImpl@7da10b5b
[TRACE] 2023-06-09 20:20:40.293 [main] NioEventLoop - instrumented a special java.util.Set into: sun.nio.ch.WEPollSelectorImpl@219f4597
[DEBUG] 2023-06-09 20:20:40.318 [main] PooledByteBufAllocator - -Dio.netty.allocator.numHeapArenas: 16
[DEBUG] 2023-06-09 20:20:40.318 [main] PooledByteBufAllocator - -Dio.netty.allocator.numDirectArenas: 16
[DEBUG] 2023-06-09 20:20:40.318 [main] PooledByteBufAllocator - -Dio.netty.allocator.pageSize: 8192
[DEBUG] 2023-06-09 20:20:40.318 [main] PooledByteBufAllocator - -Dio.netty.allocator.maxOrder: 9
[DEBUG] 2023-06-09 20:20:40.318 [main] PooledByteBufAllocator - -Dio.netty.allocator.chunkSize: 4194304
[DEBUG] 2023-06-09 20:20:40.318 [main] PooledByteBufAllocator - -Dio.netty.allocator.smallCacheSize: 256
[DEBUG] 2023-06-09 20:20:40.319 [main] PooledByteBufAllocator - -Dio.netty.allocator.normalCacheSize: 64
[DEBUG] 2023-06-09 20:20:40.319 [main] PooledByteBufAllocator - -Dio.netty.allocator.maxCachedBufferCapacity: 32768
[DEBUG] 2023-06-09 20:20:40.319 [main] PooledByteBufAllocator - -Dio.netty.allocator.cacheTrimInterval: 8192
[DEBUG] 2023-06-09 20:20:40.319 [main] PooledByteBufAllocator - -Dio.netty.allocator.cacheTrimIntervalMillis: 0
[DEBUG] 2023-06-09 20:20:40.319 [main] PooledByteBufAllocator - -Dio.netty.allocator.useCacheForAllThreads: false
[DEBUG] 2023-06-09 20:20:40.319 [main] PooledByteBufAllocator - -Dio.netty.allocator.maxCachedByteBuffersPerChunk: 1023
[DEBUG] 2023-06-09 20:20:40.332 [main] ByteBufUtil - -Dio.netty.allocator.type: pooled
[DEBUG] 2023-06-09 20:20:40.333 [main] ByteBufUtil - -Dio.netty.threadLocalDirectBufferSize: 0
[DEBUG] 2023-06-09 20:20:40.333 [main] ByteBufUtil - -Dio.netty.maxThreadLocalCharBufferSize: 16384
[DEBUG] 2023-06-09 20:22:14.479 [main] InternalLoggerFactory - Using Log4J2 as the default logging framework
[DEBUG] 2023-06-09 20:22:14.510 [main] ResourceLeakDetector - -Dio.netty.leakDetection.level: simple
[DEBUG] 2023-06-09 20:22:14.510 [main] ResourceLeakDetector - -Dio.netty.leakDetection.targetRecords: 4
[DEBUG] 2023-06-09 20:22:14.515 [main] ResourceLeakDetectorFactory - Loaded default ResourceLeakDetector: io.netty.util.ResourceLeakDetector@73c60324
[DEBUG] 2023-06-09 20:22:14.533 [main] PlatformDependent0 - -Dio.netty.noUnsafe: false
[DEBUG] 2023-06-09 20:22:14.533 [main] PlatformDependent0 - Java version: 17
[DEBUG] 2023-06-09 20:22:14.534 [main] PlatformDependent0 - sun.misc.Unsafe.theUnsafe: available
[DEBUG] 2023-06-09 20:22:14.534 [main] PlatformDependent0 - sun.misc.Unsafe.copyMemory: available
[DEBUG] 2023-06-09 20:22:14.534 [main] PlatformDependent0 - sun.misc.Unsafe.storeFence: available
[DEBUG] 2023-06-09 20:22:14.536 [main] PlatformDependent0 - java.nio.Buffer.address: available
[DEBUG] 2023-06-09 20:22:14.536 [main] PlatformDependent0 - direct buffer constructor: unavailable
java.lang.UnsupportedOperationException: Reflective setAccessible(true) disabled
	at io.netty.util.internal.ReflectionUtil.trySetAccessible(ReflectionUtil.java:31) ~[netty-common-4.1.91.Final.jar:4.1.91.Final]
	at io.netty.util.internal.PlatformDependent0$5.run(PlatformDependent0.java:288) ~[netty-common-4.1.91.Final.jar:4.1.91.Final]
	at java.security.AccessController.doPrivileged(AccessController.java:318) ~[?:?]
	at io.netty.util.internal.PlatformDependent0.<clinit>(PlatformDependent0.java:282) [netty-common-4.1.91.Final.jar:4.1.91.Final]
	at io.netty.util.internal.PlatformDependent.isAndroid(PlatformDependent.java:333) [netty-common-4.1.91.Final.jar:4.1.91.Final]
	at io.netty.util.internal.PlatformDependent.<clinit>(PlatformDependent.java:88) [netty-common-4.1.91.Final.jar:4.1.91.Final]
	at io.netty.util.HashedWheelTimer.<init>(HashedWheelTimer.java:114) [netty-common-4.1.91.Final.jar:4.1.91.Final]
	at io.netty.util.HashedWheelTimer.<init>(HashedWheelTimer.java:251) [netty-common-4.1.91.Final.jar:4.1.91.Final]
	at io.netty.util.HashedWheelTimer.<init>(HashedWheelTimer.java:224) [netty-common-4.1.91.Final.jar:4.1.91.Final]
	at io.netty.util.HashedWheelTimer.<init>(HashedWheelTimer.java:203) [netty-common-4.1.91.Final.jar:4.1.91.Final]
	at org.asynchttpclient.DefaultAsyncHttpClient.newNettyTimer(DefaultAsyncHttpClient.java:111) [async-http-client-2.12.3.jar:?]
	at org.asynchttpclient.DefaultAsyncHttpClient.<init>(DefaultAsyncHttpClient.java:90) [async-http-client-2.12.3.jar:?]
	at org.asynchttpclient.Dsl.asyncHttpClient(Dsl.java:32) [async-http-client-2.12.3.jar:?]
	at org.openqa.selenium.remote.http.netty.NettyClient.createHttpClient(NettyClient.java:94) [selenium-remote-driver-4.9.0.jar:?]
	at org.openqa.selenium.remote.http.netty.NettyClient.<clinit>(NettyClient.java:47) [selenium-remote-driver-4.9.0.jar:?]
	at org.openqa.selenium.remote.http.netty.NettyClient$Factory.createClient(NettyClient.java:135) [selenium-remote-driver-4.9.0.jar:?]
	at org.openqa.selenium.remote.HttpCommandExecutor.<init>(HttpCommandExecutor.java:116) [selenium-remote-driver-4.9.0.jar:?]
	at org.openqa.selenium.remote.HttpCommandExecutor.<init>(HttpCommandExecutor.java:94) [selenium-remote-driver-4.9.0.jar:?]
	at org.openqa.selenium.remote.service.DriverCommandExecutor.<init>(DriverCommandExecutor.java:88) [selenium-remote-driver-4.9.0.jar:?]
	at org.openqa.selenium.chromium.ChromiumDriverCommandExecutor.<init>(ChromiumDriverCommandExecutor.java:40) [selenium-chromium-driver-4.9.0.jar:?]
	at org.openqa.selenium.chrome.ChromeDriver$ChromeDriverCommandExecutor.<init>(ChromeDriver.java:111) [selenium-chrome-driver-4.9.0.jar:?]
	at org.openqa.selenium.chrome.ChromeDriver.generateExecutor(ChromeDriver.java:101) [selenium-chrome-driver-4.9.0.jar:?]
	at org.openqa.selenium.chrome.ChromeDriver.<init>(ChromeDriver.java:88) [selenium-chrome-driver-4.9.0.jar:?]
	at org.openqa.selenium.chrome.ChromeDriver.<init>(ChromeDriver.java:84) [selenium-chrome-driver-4.9.0.jar:?]
	at org.openqa.selenium.chrome.ChromeDriver.<init>(ChromeDriver.java:52) [selenium-chrome-driver-4.9.0.jar:?]
	at Demo.FluentWaitDemo.Test(FluentWaitDemo.java:28) [test-classes/:?]
	at Demo.FluentWaitDemo.main(FluentWaitDemo.java:20) [test-classes/:?]
[DEBUG] 2023-06-09 20:22:14.554 [main] PlatformDependent0 - java.nio.Bits.unaligned: available, true
[DEBUG] 2023-06-09 20:22:14.555 [main] PlatformDependent0 - jdk.internal.misc.Unsafe.allocateUninitializedArray(int): unavailable
java.lang.IllegalAccessException: class io.netty.util.internal.PlatformDependent0$7 cannot access class jdk.internal.misc.Unsafe (in module java.base) because module java.base does not export jdk.internal.misc to unnamed module @3a52dba3
	at jdk.internal.reflect.Reflection.newIllegalAccessException(Reflection.java:392) ~[?:?]
	at java.lang.reflect.AccessibleObject.checkAccess(AccessibleObject.java:674) ~[?:?]
	at java.lang.reflect.Method.invoke(Method.java:560) ~[?:?]
	at io.netty.util.internal.PlatformDependent0$7.run(PlatformDependent0.java:410) ~[netty-common-4.1.91.Final.jar:4.1.91.Final]
	at java.security.AccessController.doPrivileged(AccessController.java:318) ~[?:?]
	at io.netty.util.internal.PlatformDependent0.<clinit>(PlatformDependent0.java:401) [netty-common-4.1.91.Final.jar:4.1.91.Final]
	at io.netty.util.internal.PlatformDependent.isAndroid(PlatformDependent.java:333) [netty-common-4.1.91.Final.jar:4.1.91.Final]
	at io.netty.util.internal.PlatformDependent.<clinit>(PlatformDependent.java:88) [netty-common-4.1.91.Final.jar:4.1.91.Final]
	at io.netty.util.HashedWheelTimer.<init>(HashedWheelTimer.java:114) [netty-common-4.1.91.Final.jar:4.1.91.Final]
	at io.netty.util.HashedWheelTimer.<init>(HashedWheelTimer.java:251) [netty-common-4.1.91.Final.jar:4.1.91.Final]
	at io.netty.util.HashedWheelTimer.<init>(HashedWheelTimer.java:224) [netty-common-4.1.91.Final.jar:4.1.91.Final]
	at io.netty.util.HashedWheelTimer.<init>(HashedWheelTimer.java:203) [netty-common-4.1.91.Final.jar:4.1.91.Final]
	at org.asynchttpclient.DefaultAsyncHttpClient.newNettyTimer(DefaultAsyncHttpClient.java:111) [async-http-client-2.12.3.jar:?]
	at org.asynchttpclient.DefaultAsyncHttpClient.<init>(DefaultAsyncHttpClient.java:90) [async-http-client-2.12.3.jar:?]
	at org.asynchttpclient.Dsl.asyncHttpClient(Dsl.java:32) [async-http-client-2.12.3.jar:?]
	at org.openqa.selenium.remote.http.netty.NettyClient.createHttpClient(NettyClient.java:94) [selenium-remote-driver-4.9.0.jar:?]
	at org.openqa.selenium.remote.http.netty.NettyClient.<clinit>(NettyClient.java:47) [selenium-remote-driver-4.9.0.jar:?]
	at org.openqa.selenium.remote.http.netty.NettyClient$Factory.createClient(NettyClient.java:135) [selenium-remote-driver-4.9.0.jar:?]
	at org.openqa.selenium.remote.HttpCommandExecutor.<init>(HttpCommandExecutor.java:116) [selenium-remote-driver-4.9.0.jar:?]
	at org.openqa.selenium.remote.HttpCommandExecutor.<init>(HttpCommandExecutor.java:94) [selenium-remote-driver-4.9.0.jar:?]
	at org.openqa.selenium.remote.service.DriverCommandExecutor.<init>(DriverCommandExecutor.java:88) [selenium-remote-driver-4.9.0.jar:?]
	at org.openqa.selenium.chromium.ChromiumDriverCommandExecutor.<init>(ChromiumDriverCommandExecutor.java:40) [selenium-chromium-driver-4.9.0.jar:?]
	at org.openqa.selenium.chrome.ChromeDriver$ChromeDriverCommandExecutor.<init>(ChromeDriver.java:111) [selenium-chrome-driver-4.9.0.jar:?]
	at org.openqa.selenium.chrome.ChromeDriver.generateExecutor(ChromeDriver.java:101) [selenium-chrome-driver-4.9.0.jar:?]
	at org.openqa.selenium.chrome.ChromeDriver.<init>(ChromeDriver.java:88) [selenium-chrome-driver-4.9.0.jar:?]
	at org.openqa.selenium.chrome.ChromeDriver.<init>(ChromeDriver.java:84) [selenium-chrome-driver-4.9.0.jar:?]
	at org.openqa.selenium.chrome.ChromeDriver.<init>(ChromeDriver.java:52) [selenium-chrome-driver-4.9.0.jar:?]
	at Demo.FluentWaitDemo.Test(FluentWaitDemo.java:28) [test-classes/:?]
	at Demo.FluentWaitDemo.main(FluentWaitDemo.java:20) [test-classes/:?]
[DEBUG] 2023-06-09 20:22:14.557 [main] PlatformDependent0 - java.nio.DirectByteBuffer.<init>(long, int): unavailable
[DEBUG] 2023-06-09 20:22:14.557 [main] PlatformDependent - sun.misc.Unsafe: available
[DEBUG] 2023-06-09 20:22:14.558 [main] PlatformDependent - maxDirectMemory: 2109734912 bytes (maybe)
[DEBUG] 2023-06-09 20:22:14.558 [main] PlatformDependent - -Dio.netty.tmpdir: C:\Users\USAMAB~1\AppData\Local\Temp (java.io.tmpdir)
[DEBUG] 2023-06-09 20:22:14.558 [main] PlatformDependent - -Dio.netty.bitMode: 64 (sun.arch.data.model)
[DEBUG] 2023-06-09 20:22:14.559 [main] PlatformDependent - Platform: Windows
[DEBUG] 2023-06-09 20:22:14.560 [main] PlatformDependent - -Dio.netty.maxDirectMemory: -1 bytes
[DEBUG] 2023-06-09 20:22:14.560 [main] PlatformDependent - -Dio.netty.uninitializedArrayAllocationThreshold: -1
[DEBUG] 2023-06-09 20:22:14.561 [main] CleanerJava9 - java.nio.ByteBuffer.cleaner(): available
[DEBUG] 2023-06-09 20:22:14.561 [main] PlatformDependent - -Dio.netty.noPreferDirect: false
[DEBUG] 2023-06-09 20:22:14.569 [main] PlatformDependent - org.jctools-core.MpscChunkedArrayQueue: available
[DEBUG] 2023-06-09 20:22:14.588 [main] InternalThreadLocalMap - -Dio.netty.threadLocalMap.stringBuilder.initialSize: 1024
[DEBUG] 2023-06-09 20:22:14.588 [main] InternalThreadLocalMap - -Dio.netty.threadLocalMap.stringBuilder.maxSize: 4096
[DEBUG] 2023-06-09 20:22:14.753 [main] JdkSslContext - Default protocols (JDK): [TLSv1.3, TLSv1.2] 
[DEBUG] 2023-06-09 20:22:14.754 [main] JdkSslContext - Default cipher suites (JDK): [TLS_ECDHE_ECDSA_WITH_AES_256_GCM_SHA384, TLS_ECDHE_ECDSA_WITH_AES_128_GCM_SHA256, TLS_ECDHE_RSA_WITH_AES_128_GCM_SHA256, TLS_ECDHE_RSA_WITH_AES_256_GCM_SHA384, TLS_ECDHE_RSA_WITH_AES_128_CBC_SHA, TLS_ECDHE_RSA_WITH_AES_256_CBC_SHA, TLS_RSA_WITH_AES_128_GCM_SHA256, TLS_RSA_WITH_AES_128_CBC_SHA, TLS_RSA_WITH_AES_256_CBC_SHA, TLS_AES_128_GCM_SHA256, TLS_AES_256_GCM_SHA384]
[DEBUG] 2023-06-09 20:22:14.771 [main] GlobalEventExecutor - -Dio.netty.globalEventExecutor.quietPeriodSeconds: 1
[DEBUG] 2023-06-09 20:22:14.783 [main] MultithreadEventLoopGroup - -Dio.netty.eventLoopThreads: 16
[DEBUG] 2023-06-09 20:22:14.794 [main] NioEventLoop - -Dio.netty.noKeySetOptimization: false
[DEBUG] 2023-06-09 20:22:14.794 [main] NioEventLoop - -Dio.netty.selectorAutoRebuildThreshold: 512
[TRACE] 2023-06-09 20:22:14.807 [main] NioEventLoop - instrumented a special java.util.Set into: sun.nio.ch.WEPollSelectorImpl@56bc3fac
[TRACE] 2023-06-09 20:22:14.809 [main] NioEventLoop - instrumented a special java.util.Set into: sun.nio.ch.WEPollSelectorImpl@7af707e0
[TRACE] 2023-06-09 20:22:14.811 [main] NioEventLoop - instrumented a special java.util.Set into: sun.nio.ch.WEPollSelectorImpl@737edcfa
[TRACE] 2023-06-09 20:22:14.813 [main] NioEventLoop - instrumented a special java.util.Set into: sun.nio.ch.WEPollSelectorImpl@3ecedf21
[TRACE] 2023-06-09 20:22:14.814 [main] NioEventLoop - instrumented a special java.util.Set into: sun.nio.ch.WEPollSelectorImpl@74cf8b28
[TRACE] 2023-06-09 20:22:14.815 [main] NioEventLoop - instrumented a special java.util.Set into: sun.nio.ch.WEPollSelectorImpl@36c54a56
[TRACE] 2023-06-09 20:22:14.816 [main] NioEventLoop - instrumented a special java.util.Set into: sun.nio.ch.WEPollSelectorImpl@3359c978
[TRACE] 2023-06-09 20:22:14.817 [main] NioEventLoop - instrumented a special java.util.Set into: sun.nio.ch.WEPollSelectorImpl@7ba63fe5
[TRACE] 2023-06-09 20:22:14.818 [main] NioEventLoop - instrumented a special java.util.Set into: sun.nio.ch.WEPollSelectorImpl@73386d72
[TRACE] 2023-06-09 20:22:14.819 [main] NioEventLoop - instrumented a special java.util.Set into: sun.nio.ch.WEPollSelectorImpl@6f330eb9
[TRACE] 2023-06-09 20:22:14.821 [main] NioEventLoop - instrumented a special java.util.Set into: sun.nio.ch.WEPollSelectorImpl@125c082e
[TRACE] 2023-06-09 20:22:14.822 [main] NioEventLoop - instrumented a special java.util.Set into: sun.nio.ch.WEPollSelectorImpl@584f5497
[TRACE] 2023-06-09 20:22:14.823 [main] NioEventLoop - instrumented a special java.util.Set into: sun.nio.ch.WEPollSelectorImpl@68ace111
[TRACE] 2023-06-09 20:22:14.824 [main] NioEventLoop - instrumented a special java.util.Set into: sun.nio.ch.WEPollSelectorImpl@1f9d6c7b
[TRACE] 2023-06-09 20:22:14.826 [main] NioEventLoop - instrumented a special java.util.Set into: sun.nio.ch.WEPollSelectorImpl@6df20ade
[TRACE] 2023-06-09 20:22:14.827 [main] NioEventLoop - instrumented a special java.util.Set into: sun.nio.ch.WEPollSelectorImpl@4fbb001b
[DEBUG] 2023-06-09 20:22:14.848 [main] PooledByteBufAllocator - -Dio.netty.allocator.numHeapArenas: 16
[DEBUG] 2023-06-09 20:22:14.848 [main] PooledByteBufAllocator - -Dio.netty.allocator.numDirectArenas: 16
[DEBUG] 2023-06-09 20:22:14.848 [main] PooledByteBufAllocator - -Dio.netty.allocator.pageSize: 8192
[DEBUG] 2023-06-09 20:22:14.848 [main] PooledByteBufAllocator - -Dio.netty.allocator.maxOrder: 9
[DEBUG] 2023-06-09 20:22:14.848 [main] PooledByteBufAllocator - -Dio.netty.allocator.chunkSize: 4194304
[DEBUG] 2023-06-09 20:22:14.848 [main] PooledByteBufAllocator - -Dio.netty.allocator.smallCacheSize: 256
[DEBUG] 2023-06-09 20:22:14.848 [main] PooledByteBufAllocator - -Dio.netty.allocator.normalCacheSize: 64
[DEBUG] 2023-06-09 20:22:14.848 [main] PooledByteBufAllocator - -Dio.netty.allocator.maxCachedBufferCapacity: 32768
[DEBUG] 2023-06-09 20:22:14.849 [main] PooledByteBufAllocator - -Dio.netty.allocator.cacheTrimInterval: 8192
[DEBUG] 2023-06-09 20:22:14.849 [main] PooledByteBufAllocator - -Dio.netty.allocator.cacheTrimIntervalMillis: 0
[DEBUG] 2023-06-09 20:22:14.849 [main] PooledByteBufAllocator - -Dio.netty.allocator.useCacheForAllThreads: false
[DEBUG] 2023-06-09 20:22:14.849 [main] PooledByteBufAllocator - -Dio.netty.allocator.maxCachedByteBuffersPerChunk: 1023
[DEBUG] 2023-06-09 20:22:14.860 [main] ByteBufUtil - -Dio.netty.allocator.type: pooled
[DEBUG] 2023-06-09 20:22:14.860 [main] ByteBufUtil - -Dio.netty.threadLocalDirectBufferSize: 0
[DEBUG] 2023-06-09 20:22:14.861 [main] ByteBufUtil - -Dio.netty.maxThreadLocalCharBufferSize: 16384
[DEBUG] 2023-06-09 20:22:15.884 [Forwarding newSession on session null to remote] DefaultChannelId - -Dio.netty.processId: 22052 (auto-detected)
[DEBUG] 2023-06-09 20:22:15.885 [Forwarding newSession on session null to remote] NetUtil - -Djava.net.preferIPv4Stack: false
[DEBUG] 2023-06-09 20:22:15.885 [Forwarding newSession on session null to remote] NetUtil - -Djava.net.preferIPv6Addresses: false
[DEBUG] 2023-06-09 20:22:15.893 [Forwarding newSession on session null to remote] NetUtilInitializations - Loopback interface: lo (Software Loopback Interface 1, 127.0.0.1)
[DEBUG] 2023-06-09 20:22:15.894 [Forwarding newSession on session null to remote] NetUtil - Failed to get SOMAXCONN from sysctl and file \proc\sys\net\core\somaxconn. Default: 200
[DEBUG] 2023-06-09 20:22:15.909 [Forwarding newSession on session null to remote] DefaultChannelId - -Dio.netty.machineId: 08:71:90:ff:fe:bf:2e:30 (auto-detected)
[DEBUG] 2023-06-09 20:22:15.980 [AsyncHttpClient-1-2] AbstractByteBuf - -Dio.netty.buffer.checkAccessible: true
[DEBUG] 2023-06-09 20:22:15.980 [AsyncHttpClient-1-2] AbstractByteBuf - -Dio.netty.buffer.checkBounds: true
[DEBUG] 2023-06-09 20:22:15.980 [AsyncHttpClient-1-2] ResourceLeakDetectorFactory - Loaded default ResourceLeakDetector: io.netty.util.ResourceLeakDetector@84b037c
[DEBUG] 2023-06-09 20:22:16.044 [AsyncHttpClient-1-2] Recycler - -Dio.netty.recycler.maxCapacityPerThread: 4096
[DEBUG] 2023-06-09 20:22:16.044 [AsyncHttpClient-1-2] Recycler - -Dio.netty.recycler.ratio: 8
[DEBUG] 2023-06-09 20:22:16.045 [AsyncHttpClient-1-2] Recycler - -Dio.netty.recycler.chunkSize: 32
[DEBUG] 2023-06-09 20:22:16.045 [AsyncHttpClient-1-2] Recycler - -Dio.netty.recycler.blocking: false
[DEBUG] 2023-06-09 20:22:16.045 [AsyncHttpClient-1-2] Recycler - -Dio.netty.recycler.batchFastThreadLocalOnly: true
[DEBUG] 2023-06-09 20:22:17.004 [AsyncHttpClient-1-2] Brotli - brotli4j not in the classpath; Brotli support will be unavailable.
[DEBUG] 2023-06-09 20:22:17.108 [main] ThreadLocalRandom - -Dio.netty.initialSeedUniquifier: 0x6188941e1dfecf3b
[DEBUG] 2023-06-09 20:23:38.387 [main] InternalLoggerFactory - Using Log4J2 as the default logging framework
[DEBUG] 2023-06-09 20:23:38.405 [main] ResourceLeakDetector - -Dio.netty.leakDetection.level: simple
[DEBUG] 2023-06-09 20:23:38.405 [main] ResourceLeakDetector - -Dio.netty.leakDetection.targetRecords: 4
[DEBUG] 2023-06-09 20:23:38.410 [main] ResourceLeakDetectorFactory - Loaded default ResourceLeakDetector: io.netty.util.ResourceLeakDetector@5b7ea70d
[DEBUG] 2023-06-09 20:23:38.431 [main] PlatformDependent0 - -Dio.netty.noUnsafe: false
[DEBUG] 2023-06-09 20:23:38.431 [main] PlatformDependent0 - Java version: 17
[DEBUG] 2023-06-09 20:23:38.433 [main] PlatformDependent0 - sun.misc.Unsafe.theUnsafe: available
[DEBUG] 2023-06-09 20:23:38.433 [main] PlatformDependent0 - sun.misc.Unsafe.copyMemory: available
[DEBUG] 2023-06-09 20:23:38.434 [main] PlatformDependent0 - sun.misc.Unsafe.storeFence: available
[DEBUG] 2023-06-09 20:23:38.434 [main] PlatformDependent0 - java.nio.Buffer.address: available
[DEBUG] 2023-06-09 20:23:38.435 [main] PlatformDependent0 - direct buffer constructor: unavailable
java.lang.UnsupportedOperationException: Reflective setAccessible(true) disabled
	at io.netty.util.internal.ReflectionUtil.trySetAccessible(ReflectionUtil.java:31) ~[netty-common-4.1.91.Final.jar:4.1.91.Final]
	at io.netty.util.internal.PlatformDependent0$5.run(PlatformDependent0.java:288) ~[netty-common-4.1.91.Final.jar:4.1.91.Final]
	at java.security.AccessController.doPrivileged(AccessController.java:318) ~[?:?]
	at io.netty.util.internal.PlatformDependent0.<clinit>(PlatformDependent0.java:282) [netty-common-4.1.91.Final.jar:4.1.91.Final]
	at io.netty.util.internal.PlatformDependent.isAndroid(PlatformDependent.java:333) [netty-common-4.1.91.Final.jar:4.1.91.Final]
	at io.netty.util.internal.PlatformDependent.<clinit>(PlatformDependent.java:88) [netty-common-4.1.91.Final.jar:4.1.91.Final]
	at io.netty.util.HashedWheelTimer.<init>(HashedWheelTimer.java:114) [netty-common-4.1.91.Final.jar:4.1.91.Final]
	at io.netty.util.HashedWheelTimer.<init>(HashedWheelTimer.java:251) [netty-common-4.1.91.Final.jar:4.1.91.Final]
	at io.netty.util.HashedWheelTimer.<init>(HashedWheelTimer.java:224) [netty-common-4.1.91.Final.jar:4.1.91.Final]
	at io.netty.util.HashedWheelTimer.<init>(HashedWheelTimer.java:203) [netty-common-4.1.91.Final.jar:4.1.91.Final]
	at org.asynchttpclient.DefaultAsyncHttpClient.newNettyTimer(DefaultAsyncHttpClient.java:111) [async-http-client-2.12.3.jar:?]
	at org.asynchttpclient.DefaultAsyncHttpClient.<init>(DefaultAsyncHttpClient.java:90) [async-http-client-2.12.3.jar:?]
	at org.asynchttpclient.Dsl.asyncHttpClient(Dsl.java:32) [async-http-client-2.12.3.jar:?]
	at org.openqa.selenium.remote.http.netty.NettyClient.createHttpClient(NettyClient.java:94) [selenium-remote-driver-4.9.0.jar:?]
	at org.openqa.selenium.remote.http.netty.NettyClient.<clinit>(NettyClient.java:47) [selenium-remote-driver-4.9.0.jar:?]
	at org.openqa.selenium.remote.http.netty.NettyClient$Factory.createClient(NettyClient.java:135) [selenium-remote-driver-4.9.0.jar:?]
	at org.openqa.selenium.remote.tracing.TracedHttpClient$Factory.createClient(TracedHttpClient.java:77) [selenium-remote-driver-4.9.0.jar:?]
	at org.openqa.selenium.remote.HttpCommandExecutor.<init>(HttpCommandExecutor.java:116) [selenium-remote-driver-4.9.0.jar:?]
	at org.openqa.selenium.remote.RemoteWebDriver.createExecutor(RemoteWebDriver.java:184) [selenium-remote-driver-4.9.0.jar:?]
	at org.openqa.selenium.remote.RemoteWebDriver.<init>(RemoteWebDriver.java:139) [selenium-remote-driver-4.9.0.jar:?]
	at Demo.SauceLabsDemo.main(SauceLabsDemo.java:40) [test-classes/:?]
[DEBUG] 2023-06-09 20:23:38.463 [main] PlatformDependent0 - java.nio.Bits.unaligned: available, true
[DEBUG] 2023-06-09 20:23:38.466 [main] PlatformDependent0 - jdk.internal.misc.Unsafe.allocateUninitializedArray(int): unavailable
java.lang.IllegalAccessException: class io.netty.util.internal.PlatformDependent0$7 cannot access class jdk.internal.misc.Unsafe (in module java.base) because module java.base does not export jdk.internal.misc to unnamed module @5c6648b0
	at jdk.internal.reflect.Reflection.newIllegalAccessException(Reflection.java:392) ~[?:?]
	at java.lang.reflect.AccessibleObject.checkAccess(AccessibleObject.java:674) ~[?:?]
	at java.lang.reflect.Method.invoke(Method.java:560) ~[?:?]
	at io.netty.util.internal.PlatformDependent0$7.run(PlatformDependent0.java:410) ~[netty-common-4.1.91.Final.jar:4.1.91.Final]
	at java.security.AccessController.doPrivileged(AccessController.java:318) ~[?:?]
	at io.netty.util.internal.PlatformDependent0.<clinit>(PlatformDependent0.java:401) [netty-common-4.1.91.Final.jar:4.1.91.Final]
	at io.netty.util.internal.PlatformDependent.isAndroid(PlatformDependent.java:333) [netty-common-4.1.91.Final.jar:4.1.91.Final]
	at io.netty.util.internal.PlatformDependent.<clinit>(PlatformDependent.java:88) [netty-common-4.1.91.Final.jar:4.1.91.Final]
	at io.netty.util.HashedWheelTimer.<init>(HashedWheelTimer.java:114) [netty-common-4.1.91.Final.jar:4.1.91.Final]
	at io.netty.util.HashedWheelTimer.<init>(HashedWheelTimer.java:251) [netty-common-4.1.91.Final.jar:4.1.91.Final]
	at io.netty.util.HashedWheelTimer.<init>(HashedWheelTimer.java:224) [netty-common-4.1.91.Final.jar:4.1.91.Final]
	at io.netty.util.HashedWheelTimer.<init>(HashedWheelTimer.java:203) [netty-common-4.1.91.Final.jar:4.1.91.Final]
	at org.asynchttpclient.DefaultAsyncHttpClient.newNettyTimer(DefaultAsyncHttpClient.java:111) [async-http-client-2.12.3.jar:?]
	at org.asynchttpclient.DefaultAsyncHttpClient.<init>(DefaultAsyncHttpClient.java:90) [async-http-client-2.12.3.jar:?]
	at org.asynchttpclient.Dsl.asyncHttpClient(Dsl.java:32) [async-http-client-2.12.3.jar:?]
	at org.openqa.selenium.remote.http.netty.NettyClient.createHttpClient(NettyClient.java:94) [selenium-remote-driver-4.9.0.jar:?]
	at org.openqa.selenium.remote.http.netty.NettyClient.<clinit>(NettyClient.java:47) [selenium-remote-driver-4.9.0.jar:?]
	at org.openqa.selenium.remote.http.netty.NettyClient$Factory.createClient(NettyClient.java:135) [selenium-remote-driver-4.9.0.jar:?]
	at org.openqa.selenium.remote.tracing.TracedHttpClient$Factory.createClient(TracedHttpClient.java:77) [selenium-remote-driver-4.9.0.jar:?]
	at org.openqa.selenium.remote.HttpCommandExecutor.<init>(HttpCommandExecutor.java:116) [selenium-remote-driver-4.9.0.jar:?]
	at org.openqa.selenium.remote.RemoteWebDriver.createExecutor(RemoteWebDriver.java:184) [selenium-remote-driver-4.9.0.jar:?]
	at org.openqa.selenium.remote.RemoteWebDriver.<init>(RemoteWebDriver.java:139) [selenium-remote-driver-4.9.0.jar:?]
	at Demo.SauceLabsDemo.main(SauceLabsDemo.java:40) [test-classes/:?]
[DEBUG] 2023-06-09 20:23:38.468 [main] PlatformDependent0 - java.nio.DirectByteBuffer.<init>(long, int): unavailable
[DEBUG] 2023-06-09 20:23:38.468 [main] PlatformDependent - sun.misc.Unsafe: available
[DEBUG] 2023-06-09 20:23:38.469 [main] PlatformDependent - maxDirectMemory: 2109734912 bytes (maybe)
[DEBUG] 2023-06-09 20:23:38.469 [main] PlatformDependent - -Dio.netty.tmpdir: C:\Users\USAMAB~1\AppData\Local\Temp (java.io.tmpdir)
[DEBUG] 2023-06-09 20:23:38.469 [main] PlatformDependent - -Dio.netty.bitMode: 64 (sun.arch.data.model)
[DEBUG] 2023-06-09 20:23:38.471 [main] PlatformDependent - Platform: Windows
[DEBUG] 2023-06-09 20:23:38.472 [main] PlatformDependent - -Dio.netty.maxDirectMemory: -1 bytes
[DEBUG] 2023-06-09 20:23:38.472 [main] PlatformDependent - -Dio.netty.uninitializedArrayAllocationThreshold: -1
[DEBUG] 2023-06-09 20:23:38.473 [main] CleanerJava9 - java.nio.ByteBuffer.cleaner(): available
[DEBUG] 2023-06-09 20:23:38.473 [main] PlatformDependent - -Dio.netty.noPreferDirect: false
[DEBUG] 2023-06-09 20:23:38.481 [main] PlatformDependent - org.jctools-core.MpscChunkedArrayQueue: available
[DEBUG] 2023-06-09 20:23:38.503 [main] InternalThreadLocalMap - -Dio.netty.threadLocalMap.stringBuilder.initialSize: 1024
[DEBUG] 2023-06-09 20:23:38.503 [main] InternalThreadLocalMap - -Dio.netty.threadLocalMap.stringBuilder.maxSize: 4096
[DEBUG] 2023-06-09 20:23:38.740 [main] JdkSslContext - Default protocols (JDK): [TLSv1.3, TLSv1.2] 
[DEBUG] 2023-06-09 20:23:38.741 [main] JdkSslContext - Default cipher suites (JDK): [TLS_ECDHE_ECDSA_WITH_AES_256_GCM_SHA384, TLS_ECDHE_ECDSA_WITH_AES_128_GCM_SHA256, TLS_ECDHE_RSA_WITH_AES_128_GCM_SHA256, TLS_ECDHE_RSA_WITH_AES_256_GCM_SHA384, TLS_ECDHE_RSA_WITH_AES_128_CBC_SHA, TLS_ECDHE_RSA_WITH_AES_256_CBC_SHA, TLS_RSA_WITH_AES_128_GCM_SHA256, TLS_RSA_WITH_AES_128_CBC_SHA, TLS_RSA_WITH_AES_256_CBC_SHA, TLS_AES_128_GCM_SHA256, TLS_AES_256_GCM_SHA384]
[DEBUG] 2023-06-09 20:23:38.756 [main] GlobalEventExecutor - -Dio.netty.globalEventExecutor.quietPeriodSeconds: 1
[DEBUG] 2023-06-09 20:23:38.769 [main] MultithreadEventLoopGroup - -Dio.netty.eventLoopThreads: 16
[DEBUG] 2023-06-09 20:23:38.780 [main] NioEventLoop - -Dio.netty.noKeySetOptimization: false
[DEBUG] 2023-06-09 20:23:38.780 [main] NioEventLoop - -Dio.netty.selectorAutoRebuildThreshold: 512
[TRACE] 2023-06-09 20:23:38.793 [main] NioEventLoop - instrumented a special java.util.Set into: sun.nio.ch.WEPollSelectorImpl@4fbb001b
[TRACE] 2023-06-09 20:23:38.795 [main] NioEventLoop - instrumented a special java.util.Set into: sun.nio.ch.WEPollSelectorImpl@181d7f28
[TRACE] 2023-06-09 20:23:38.796 [main] NioEventLoop - instrumented a special java.util.Set into: sun.nio.ch.WEPollSelectorImpl@78d50a3c
[TRACE] 2023-06-09 20:23:38.797 [main] NioEventLoop - instrumented a special java.util.Set into: sun.nio.ch.WEPollSelectorImpl@2fb69ff6
[TRACE] 2023-06-09 20:23:38.798 [main] NioEventLoop - instrumented a special java.util.Set into: sun.nio.ch.WEPollSelectorImpl@cda4919
[TRACE] 2023-06-09 20:23:38.800 [main] NioEventLoop - instrumented a special java.util.Set into: sun.nio.ch.WEPollSelectorImpl@7f4d9395
[TRACE] 2023-06-09 20:23:38.802 [main] NioEventLoop - instrumented a special java.util.Set into: sun.nio.ch.WEPollSelectorImpl@2f19f2aa
[TRACE] 2023-06-09 20:23:38.803 [main] NioEventLoop - instrumented a special java.util.Set into: sun.nio.ch.WEPollSelectorImpl@344b8190
[TRACE] 2023-06-09 20:23:38.804 [main] NioEventLoop - instrumented a special java.util.Set into: sun.nio.ch.WEPollSelectorImpl@6a078481
[TRACE] 2023-06-09 20:23:38.806 [main] NioEventLoop - instrumented a special java.util.Set into: sun.nio.ch.WEPollSelectorImpl@79c5636f
[TRACE] 2023-06-09 20:23:38.807 [main] NioEventLoop - instrumented a special java.util.Set into: sun.nio.ch.WEPollSelectorImpl@1929425f
[TRACE] 2023-06-09 20:23:38.809 [main] NioEventLoop - instrumented a special java.util.Set into: sun.nio.ch.WEPollSelectorImpl@718607eb
[TRACE] 2023-06-09 20:23:38.810 [main] NioEventLoop - instrumented a special java.util.Set into: sun.nio.ch.WEPollSelectorImpl@27f3b6d6
[TRACE] 2023-06-09 20:23:38.812 [main] NioEventLoop - instrumented a special java.util.Set into: sun.nio.ch.WEPollSelectorImpl@757f675c
[TRACE] 2023-06-09 20:23:38.813 [main] NioEventLoop - instrumented a special java.util.Set into: sun.nio.ch.WEPollSelectorImpl@2617f816
[TRACE] 2023-06-09 20:23:38.814 [main] NioEventLoop - instrumented a special java.util.Set into: sun.nio.ch.WEPollSelectorImpl@676f0a60
[DEBUG] 2023-06-09 20:23:38.834 [main] PooledByteBufAllocator - -Dio.netty.allocator.numHeapArenas: 16
[DEBUG] 2023-06-09 20:23:38.834 [main] PooledByteBufAllocator - -Dio.netty.allocator.numDirectArenas: 16
[DEBUG] 2023-06-09 20:23:38.834 [main] PooledByteBufAllocator - -Dio.netty.allocator.pageSize: 8192
[DEBUG] 2023-06-09 20:23:38.834 [main] PooledByteBufAllocator - -Dio.netty.allocator.maxOrder: 9
[DEBUG] 2023-06-09 20:23:38.834 [main] PooledByteBufAllocator - -Dio.netty.allocator.chunkSize: 4194304
[DEBUG] 2023-06-09 20:23:38.835 [main] PooledByteBufAllocator - -Dio.netty.allocator.smallCacheSize: 256
[DEBUG] 2023-06-09 20:23:38.835 [main] PooledByteBufAllocator - -Dio.netty.allocator.normalCacheSize: 64
[DEBUG] 2023-06-09 20:23:38.835 [main] PooledByteBufAllocator - -Dio.netty.allocator.maxCachedBufferCapacity: 32768
[DEBUG] 2023-06-09 20:23:38.835 [main] PooledByteBufAllocator - -Dio.netty.allocator.cacheTrimInterval: 8192
[DEBUG] 2023-06-09 20:23:38.835 [main] PooledByteBufAllocator - -Dio.netty.allocator.cacheTrimIntervalMillis: 0
[DEBUG] 2023-06-09 20:23:38.835 [main] PooledByteBufAllocator - -Dio.netty.allocator.useCacheForAllThreads: false
[DEBUG] 2023-06-09 20:23:38.835 [main] PooledByteBufAllocator - -Dio.netty.allocator.maxCachedByteBuffersPerChunk: 1023
[DEBUG] 2023-06-09 20:23:38.846 [main] ByteBufUtil - -Dio.netty.allocator.type: pooled
[DEBUG] 2023-06-09 20:23:38.846 [main] ByteBufUtil - -Dio.netty.threadLocalDirectBufferSize: 0
[DEBUG] 2023-06-09 20:23:38.846 [main] ByteBufUtil - -Dio.netty.maxThreadLocalCharBufferSize: 16384
